# JRE version: Java(TM) SE Runtime Environment (8.0_73-b02) (build 1.8.0_73-b02)
# Java VM: Java HotSpot(TM) 64-Bit Server VM (25.73-b02 mixed mode windows-amd64 compressed oops)
Heap:
 PSYoungGen      total 190976K, used 38598K [0x00000000eab00000, 0x00000000fa100000, 0x0000000100000000)
  eden space 168448K, 9% used [0x00000000eab00000,0x00000000ebb2c2c8,0x00000000f4f80000)
  from space 22528K, 97% used [0x00000000f8b00000,0x00000000fa085688,0x00000000fa100000)
  to   space 32768K, 0% used [0x00000000f6100000,0x00000000f6100000,0x00000000f8100000)
 ParOldGen       total 78848K, used 51009K [0x00000000c0000000, 0x00000000c4d00000, 0x00000000eab00000)
  object space 78848K, 64% used [0x00000000c0000000,0x00000000c31d0418,0x00000000c4d00000)
 Metaspace       used 6828K, capacity 7480K, committed 7680K, reserved 1056768K
  class space    used 642K, capacity 688K, committed 768K, reserved 1048576K
GC Heap History (10 events):
Event: 14.065 GC heap before
{Heap before GC invocations=7 (full 0):
 PSYoungGen      total 74240K, used 72768K [0x00000000eab00000, 0x00000000f0000000, 0x0000000100000000)
  eden space 64512K, 100% used [0x00000000eab00000,0x00000000eea00000,0x00000000eea00000)
  from space 9728K, 84% used [0x00000000ef480000,0x00000000efc900f0,0x00000000efe00000)
  to   space 10752K, 0% used [0x00000000eea00000,0x00000000eea00000,0x00000000ef480000)
 ParOldGen       total 44032K, used 12625K [0x00000000c0000000, 0x00000000c2b00000, 0x00000000eab00000)
  object space 44032K, 28% used [0x00000000c0000000,0x00000000c0c54400,0x00000000c2b00000)
 Metaspace       used 6345K, capacity 7152K, committed 7296K, reserved 1056768K
  class space    used 604K, capacity 616K, committed 640K, reserved 1048576K
Event: 15.355 GC heap after
Heap after GC invocations=7 (full 0):
 PSYoungGen      total 75264K, used 10733K [0x00000000eab00000, 0x00000000f4900000, 0x0000000100000000)
  eden space 64512K, 0% used [0x00000000eab00000,0x00000000eab00000,0x00000000eea00000)
  from space 10752K, 99% used [0x00000000eea00000,0x00000000ef47b460,0x00000000ef480000)
  to   space 16384K, 0% used [0x00000000f3900000,0x00000000f3900000,0x00000000f4900000)
 ParOldGen       total 44032K, used 19612K [0x00000000c0000000, 0x00000000c2b00000, 0x00000000eab00000)
  object space 44032K, 44% used [0x00000000c0000000,0x00000000c13271c8,0x00000000c2b00000)
 Metaspace       used 6345K, capacity 7152K, committed 7296K, reserved 1056768K
  class space    used 604K, capacity 616K, committed 640K, reserved 1048576K
}
Event: 16.972 GC heap before
{Heap before GC invocations=8 (full 0):
 PSYoungGen      total 75264K, used 75245K [0x00000000eab00000, 0x00000000f4900000, 0x0000000100000000)
  eden space 64512K, 100% used [0x00000000eab00000,0x00000000eea00000,0x00000000eea00000)
  from space 10752K, 99% used [0x00000000eea00000,0x00000000ef47b460,0x00000000ef480000)
  to   space 16384K, 0% used [0x00000000f3900000,0x00000000f3900000,0x00000000f4900000)
 ParOldGen       total 44032K, used 19612K [0x00000000c0000000, 0x00000000c2b00000, 0x00000000eab00000)
  object space 44032K, 44% used [0x00000000c0000000,0x00000000c13271c8,0x00000000c2b00000)
 Metaspace       used 6435K, capacity 7216K, committed 7296K, reserved 1056768K
  class space    used 604K, capacity 616K, committed 640K, reserved 1048576K
Event: 17.224 GC heap after
Heap after GC invocations=8 (full 0):
 PSYoungGen      total 140288K, used 16357K [0x00000000eab00000, 0x00000000f5300000, 0x0000000100000000)
  eden space 123904K, 0% used [0x00000000eab00000,0x00000000eab00000,0x00000000f2400000)
  from space 16384K, 99% used [0x00000000f3900000,0x00000000f48f9410,0x00000000f4900000)
  to   space 21504K, 0% used [0x00000000f2400000,0x00000000f2400000,0x00000000f3900000)
 ParOldGen       total 44032K, used 24902K [0x00000000c0000000, 0x00000000c2b00000, 0x00000000eab00000)
  object space 44032K, 56% used [0x00000000c0000000,0x00000000c1851a90,0x00000000c2b00000)
 Metaspace       used 6435K, capacity 7216K, committed 7296K, reserved 1056768K
  class space    used 604K, capacity 616K, committed 640K, reserved 1048576K
}
Event: 19.210 GC heap before
{Heap before GC invocations=9 (full 0):
 PSYoungGen      total 140288K, used 140261K [0x00000000eab00000, 0x00000000f5300000, 0x0000000100000000)
  eden space 123904K, 100% used [0x00000000eab00000,0x00000000f2400000,0x00000000f2400000)
  from space 16384K, 99% used [0x00000000f3900000,0x00000000f48f9410,0x00000000f4900000)
  to   space 21504K, 0% used [0x00000000f2400000,0x00000000f2400000,0x00000000f3900000)
 ParOldGen       total 44032K, used 24902K [0x00000000c0000000, 0x00000000c2b00000, 0x00000000eab00000)
  object space 44032K, 56% used [0x00000000c0000000,0x00000000c1851a90,0x00000000c2b00000)
 Metaspace       used 6536K, capacity 7256K, committed 7424K, reserved 1056768K
  class space    used 624K, capacity 656K, committed 768K, reserved 1048576K
Event: 19.460 GC heap after
Heap after GC invocations=9 (full 0):
 PSYoungGen      total 145408K, used 21489K [0x00000000eab00000, 0x00000000fa900000, 0x0000000100000000)
  eden space 123904K, 0% used [0x00000000eab00000,0x00000000eab00000,0x00000000f2400000)
  from space 21504K, 99% used [0x00000000f2400000,0x00000000f38fc5b8,0x00000000f3900000)
  to   space 30720K, 0% used [0x00000000f8b00000,0x00000000f8b00000,0x00000000fa900000)
 ParOldGen       total 44032K, used 38279K [0x00000000c0000000, 0x00000000c2b00000, 0x00000000eab00000)
  object space 44032K, 86% used [0x00000000c0000000,0x00000000c2561f50,0x00000000c2b00000)
 Metaspace       used 6536K, capacity 7256K, committed 7424K, reserved 1056768K
  class space    used 624K, capacity 656K, committed 768K, reserved 1048576K
}
Event: 19.460 GC heap before
{Heap before GC invocations=10 (full 1):
 PSYoungGen      total 145408K, used 21489K [0x00000000eab00000, 0x00000000fa900000, 0x0000000100000000)
  eden space 123904K, 0% used [0x00000000eab00000,0x00000000eab00000,0x00000000f2400000)
  from space 21504K, 99% used [0x00000000f2400000,0x00000000f38fc5b8,0x00000000f3900000)
  to   space 30720K, 0% used [0x00000000f8b00000,0x00000000f8b00000,0x00000000fa900000)
 ParOldGen       total 44032K, used 38279K [0x00000000c0000000, 0x00000000c2b00000, 0x00000000eab00000)
  object space 44032K, 86% used [0x00000000c0000000,0x00000000c2561f50,0x00000000c2b00000)
 Metaspace       used 6536K, capacity 7256K, committed 7424K, reserved 1056768K
  class space    used 624K, capacity 656K, committed 768K, reserved 1048576K
Event: 21.312 GC heap after
Heap after GC invocations=10 (full 1):
 PSYoungGen      total 145408K, used 11231K [0x00000000eab00000, 0x00000000fa900000, 0x0000000100000000)
  eden space 123904K, 0% used [0x00000000eab00000,0x00000000eab00000,0x00000000f2400000)
  from space 21504K, 52% used [0x00000000f2400000,0x00000000f2ef7ed0,0x00000000f3900000)
  to   space 30720K, 0% used [0x00000000f8b00000,0x00000000f8b00000,0x00000000fa900000)
 ParOldGen       total 78848K, used 43886K [0x00000000c0000000, 0x00000000c4d00000, 0x00000000eab00000)
  object space 78848K, 55% used [0x00000000c0000000,0x00000000c2adbb38,0x00000000c4d00000)
 Metaspace       used 6536K, capacity 7256K, committed 7424K, reserved 1056768K
  class space    used 624K, capacity 656K, committed 768K, reserved 1048576K
}
Event: 23.730 GC heap before
{Heap before GC invocations=11 (full 1):
 PSYoungGen      total 145408K, used 135135K [0x00000000eab00000, 0x00000000fa900000, 0x0000000100000000)
  eden space 123904K, 100% used [0x00000000eab00000,0x00000000f2400000,0x00000000f2400000)
  from space 21504K, 52% used [0x00000000f2400000,0x00000000f2ef7ed0,0x00000000f3900000)
  to   space 30720K, 0% used [0x00000000f8b00000,0x00000000f8b00000,0x00000000fa900000)
 ParOldGen       total 78848K, used 43886K [0x00000000c0000000, 0x00000000c4d00000, 0x00000000eab00000)
  object space 78848K, 55% used [0x00000000c0000000,0x00000000c2adbb38,0x00000000c4d00000)
 Metaspace       used 6552K, capacity 7256K, committed 7424K, reserved 1056768K
  class space    used 624K, capacity 656K, committed 768K, reserved 1048576K
Event: 24.296 GC heap after
Heap after GC invocations=11 (full 1):
 PSYoungGen      total 190976K, used 22037K [0x00000000eab00000, 0x00000000fa100000, 0x0000000100000000)
  eden space 168448K, 0% used [0x00000000eab00000,0x00000000eab00000,0x00000000f4f80000)
  from space 22528K, 97% used [0x00000000f8b00000,0x00000000fa085688,0x00000000fa100000)
  to   space 32768K, 0% used [0x00000000f6100000,0x00000000f6100000,0x00000000f8100000)
 ParOldGen       total 78848K, used 51009K [0x00000000c0000000, 0x00000000c4d00000, 0x00000000eab00000)
  object space 78848K, 64% used [0x00000000c0000000,0x00000000c31d0418,0x00000000c4d00000)
 Metaspace       used 6552K, capacity 7256K, committed 7424K, reserved 1056768K
  class space    used 624K, capacity 656K, committed 768K, reserved 1048576K
}

